0 verbose cli C:\Program Files\nodejs\node.exe C:\Program Files\nodejs\node_modules\npm\bin\npm-cli.js
1 info using npm@11.13.0
2 info using node@v24.16.0
3 silly config load:file:C:\Program Files\nodejs\node_modules\npm\npmrc
4 silly config load:file:C:\xampp\htdocs\rsg\rsg\.npmrc
5 silly config load:file:C:\Users\aksha\.npmrc
6 silly config load:file:C:\Users\aksha\AppData\Roaming\npm\etc\npmrc
7 verbose title npm install @prisma/adapter-pg@7.8.0 pg
8 verbose argv "install" "@prisma/adapter-pg@7.8.0" "pg" "--cache" ".\\.npm-cache" "--fetch-timeout" "600000" "--fetch-retries" "3"
9 verbose logfile logs-max:10 dir:C:\xampp\htdocs\rsg\rsg\.npm-cache\_logs\2026-06-14T11_16_04_407Z-
10 verbose logfile C:\xampp\htdocs\rsg\rsg\.npm-cache\_logs\2026-06-14T11_16_04_407Z-debug-0.log
11 silly logfile done cleaning log files
12 silly packumentCache heap:4496293888 maxSize:1124073472 maxEntrySize:562036736
13 verbose shrinkwrap failed to load node_modules/.package-lock.json out of date, updated: node_modules
14 silly idealTree buildDeps
15 silly fetch manifest @prisma/adapter-pg@7.8.0
16 silly packumentCache full:https://registry.npmjs.org/@prisma%2fadapter-pg cache-miss
17 http fetch GET https://registry.npmjs.org/@prisma%2fadapter-pg attempt 1 failed with EACCES
18 http fetch GET https://registry.npmjs.org/@prisma%2fadapter-pg attempt 2 failed with EACCES
19 http fetch GET https://registry.npmjs.org/@prisma%2fadapter-pg attempt 3 failed with EACCES
20 http fetch GET https://registry.npmjs.org/@prisma%2fadapter-pg attempt 4 failed with EACCES
21 silly fetch manifest pg@*
22 silly packumentCache full:https://registry.npmjs.org/pg cache-miss
23 http fetch GET https://registry.npmjs.org/pg attempt 1 failed with EACCES
24 http fetch GET https://registry.npmjs.org/pg attempt 2 failed with EACCES
25 http fetch GET https://registry.npmjs.org/pg attempt 3 failed with EACCES
26 http fetch GET https://registry.npmjs.org/pg attempt 4 failed with EACCES
27 silly placeDep ROOT @prisma/adapter-pg@ OK for: rsg@0.1.0 want: 7.8.0
28 silly placeDep ROOT pg@ OK for: rsg@0.1.0 want: *
29 verbose type system
30 verbose stack FetchError: request to https://registry.npmjs.org/@prisma%2fadapter-pg failed, reason: 
30 verbose stack     at ClientRequest.<anonymous> (C:\Program Files\nodejs\node_modules\npm\node_modules\minipass-fetch\lib\index.js:130:14)
30 verbose stack     at ClientRequest.emit (node:events:509:28)
30 verbose stack     at emitErrorEvent (node:_http_client:109:11)
30 verbose stack     at _destroy (node:_http_client:993:9)
30 verbose stack     at onSocketNT (node:_http_client:1014:5)
30 verbose stack     at process.processTicksAndRejections (node:internal/process/task_queues:91:21)
31 error code EACCES
32 error errno EACCES
33 error FetchError: request to https://registry.npmjs.org/@prisma%2fadapter-pg failed, reason: 
33 error     at ClientRequest.<anonymous> (C:\Program Files\nodejs\node_modules\npm\node_modules\minipass-fetch\lib\index.js:130:14)
33 error     at ClientRequest.emit (node:events:509:28)
33 error     at emitErrorEvent (node:_http_client:109:11)
33 error     at _destroy (node:_http_client:993:9)
33 error     at onSocketNT (node:_http_client:1014:5)
33 error     at process.processTicksAndRejections (node:internal/process/task_queues:91:21) {
33 error   code: 'EACCES',
33 error   errno: 'EACCES',
33 error   type: 'system',
33 error   requiredBy: '.'
33 error }
34 error
34 error The operation was rejected by your operating system.
34 error It's possible that the file was already in use (by a text editor or antivirus), or that you lack permissions to access it.
34 error
34 error If you believe this might be a permissions issue, please double-check the permissions of the file and its containing directories, or try running the command again as root/Administrator.
35 silly unfinished npm timer reify 1781435765563
36 silly unfinished npm timer reify:loadTrees 1781435765574
37 verbose cwd C:\xampp\htdocs\rsg\rsg
38 verbose os Windows_NT 10.0.26200
39 verbose node v24.16.0
40 verbose npm  v11.13.0
41 verbose exit 1
42 verbose code 1
43 error A complete log of this run can be found in: C:\xampp\htdocs\rsg\rsg\.npm-cache\_logs\2026-06-14T11_16_04_407Z-debug-0.log
